\BOOKMARK [0][-]{section*.1}{\315ndice general}{}% 1
\BOOKMARK [0][-]{section*.2}{\315ndice de figuras}{}% 2
\BOOKMARK [0][-]{section*.3}{\315ndice de tablas}{}% 3
\BOOKMARK [0][-]{chapter.1}{Introducci\363n}{}% 4
\BOOKMARK [1][-]{section.1.1}{Motivaci\363n}{chapter.1}% 5
\BOOKMARK [1][-]{section.1.2}{Objetivos}{chapter.1}% 6
\BOOKMARK [1][-]{section.1.3}{Estructura de la mem\363ria}{chapter.1}% 7
\BOOKMARK [0][-]{chapter.2}{??? ???? ??????}{}% 8
\BOOKMARK [1][-]{section.2.1}{?? ???? ???? ? ?? ??}{chapter.2}% 9
\BOOKMARK [0][-]{chapter.3}{An\341lisis}{}% 10
\BOOKMARK [1][-]{section.3.1}{An\341lisis del dataset}{chapter.3}% 11
\BOOKMARK [0][-]{chapter.4}{Aplicaci\363n de t\351cnicas de aprendizaje autom\341tico sobre los datos}{}% 12
\BOOKMARK [1][-]{section.4.1}{Support Vector Machine}{chapter.4}% 13
\BOOKMARK [2][-]{subsection.4.1.1}{Mutaci\363n BRAF}{section.4.1}% 14
\BOOKMARK [2][-]{subsection.4.1.2}{Mutaci\363n NRAS}{section.4.1}% 15
\BOOKMARK [1][-]{section.4.2}{Artificial Neural Networks}{chapter.4}% 16
\BOOKMARK [0][-]{chapter.5}{Conclusions}{}% 17
\BOOKMARK [0][-]{chapter*.12}{Bibliograf\355a}{}% 18
\BOOKMARK [0][-]{appendix.Alph1}{Configuraci\363 del sistema}{}% 19
\BOOKMARK [1][-]{section.Alph1.1}{Fase d'inicialitzaci\363}{appendix.Alph1}% 20
\BOOKMARK [1][-]{section.Alph1.2}{Identificaci\363 de dispositius}{appendix.Alph1}% 21
\BOOKMARK [0][-]{appendix.Alph2}{??? ???????????? ????}{}% 22
